<?xml version="1.0" encoding="UTF-8"?>
<!-- Generated by org.testng.reporters.JUnitReportReporter -->
<testsuite hostname="LAPTOP-6OACLVLF" failures="0" tests="2" name="com.AppTestCases.App_Login_Test" time="5.726" errors="0" timestamp="2021-07-28T21:59:09 IST" skipped="0">
  <testcase classname="com.AppTestCases.App_Login_Test" name="verify_invalid_user_credentials" time="2.378"/>
  <system-out/>
  <testcase classname="com.AppTestCases.App_Login_Test" name="verify_valid_user_credentials" time="3.348"/>
  <system-out/>
</testsuite> <!-- com.AppTestCases.App_Login_Test -->
