<?xml version="1.0" encoding="UTF-8"?>
<!-- Generated by org.testng.reporters.JUnitReportReporter -->
<testsuite hostname="LAPTOP-6OACLVLF" failures="0" tests="1" name="com.AppTestCases.Basic_Contact_Form_TestCase" time="6.763" errors="0" timestamp="2021-07-28T21:59:09 IST" skipped="0">
  <testcase classname="com.AppTestCases.Basic_Contact_Form_TestCase" name="insert_basic_contact_form_details" time="6.763"/>
  <system-out/>
</testsuite> <!-- com.AppTestCases.Basic_Contact_Form_TestCase -->
