<?xml version="1.0" encoding="UTF-8"?>
<!-- Generated by org.testng.reporters.JUnitReportReporter -->
<testsuite hostname="LAPTOP-6OACLVLF" failures="0" tests="1" name="com.mycontactform.Services.AppLoginServices" time="0.020" errors="0" timestamp="2021-07-26T22:13:06 IST" skipped="0">
  <testcase classname="com.mycontactform.Services.AppLoginServices" name="loginTest" time="0.020"/>
  <system-out/>
</testsuite> <!-- com.mycontactform.Services.AppLoginServices -->
